Error: Please install sqlite3 package manually
    at ConnectionManager._loadDialectModule (C:\Users\ADMIN\Desktop\sumi-chan-test\node_modules\sequelize\lib\dialects\abstract\connection-manager.js:88:15)
    at new ConnectionManager (C:\Users\ADMIN\Desktop\sumi-chan-test\node_modules\sequelize\lib\dialects\sqlite\connection-manager.js:22:21)
    at new SqliteDialect (C:\Users\ADMIN\Desktop\sumi-chan-test\node_modules\sequelize\lib\dialects\sqlite\index.js:14:30)
    at new Sequelize (C:\Users\ADMIN\Desktop\sumi-chan-test\node_modules\sequelize\lib\sequelize.js:324:20)
    at Object.<anonymous> (C:\Users\ADMIN\Desktop\sumi-chan-test\database\index.js:5:13)
    at Module._compile (internal/modules/cjs/loader.js:1133:30)
    at Object.Module._extensions..js (internal/modules/cjs/loader.js:1153:10)
    at Module.load (internal/modules/cjs/loader.js:977:32)
    at Function.Module._load (internal/modules/cjs/loader.js:877:14)
    at Module.require (internal/modules/cjs/loader.js:1019:19)
    at require (internal/modules/cjs/helpers.js:77:18)
    at Object.<anonymous> (C:\Users\ADMIN\Desktop\sumi-chan-test\index.js:3:38)
    at Module._compile (internal/modules/cjs/loader.js:1133:30)
    at Object.Module._extensions..js (internal/modules/cjs/loader.js:1153:10)
    at Module.load (internal/modules/cjs/loader.js:977:32)
    at Function.Module._load (internal/modules/cjs/loader.js:877:14)
    at C:\Users\ADMIN\Desktop\sumi-chan-test\node_modules\pm2\lib\ProcessContainer.js:303:25
    at wrapper (C:\Users\ADMIN\Desktop\sumi-chan-test\node_modules\pm2\node_modules\async\internal\once.js:12:16)
    at next (C:\Users\ADMIN\Desktop\sumi-chan-test\node_modules\pm2\node_modules\async\waterfall.js:96:20)
    at C:\Users\ADMIN\Desktop\sumi-chan-test\node_modules\pm2\node_modules\async\internal\onlyOnce.js:12:16
    at WriteStream.<anonymous> (C:\Users\ADMIN\Desktop\sumi-chan-test\node_modules\pm2\lib\Utility.js:186:13)
    at WriteStream.emit (events.js:310:20)
    at internal/fs/streams.js:326:10
    at FSReqCallback.oncomplete (fs.js:155:23)
Error: Please install sqlite3 package manually
    at ConnectionManager._loadDialectModule (C:\Users\ADMIN\Desktop\sumi-chan-test\node_modules\sequelize\lib\dialects\abstract\connection-manager.js:88:15)
    at new ConnectionManager (C:\Users\ADMIN\Desktop\sumi-chan-test\node_modules\sequelize\lib\dialects\sqlite\connection-manager.js:22:21)
    at new SqliteDialect (C:\Users\ADMIN\Desktop\sumi-chan-test\node_modules\sequelize\lib\dialects\sqlite\index.js:14:30)
    at new Sequelize (C:\Users\ADMIN\Desktop\sumi-chan-test\node_modules\sequelize\lib\sequelize.js:324:20)
    at Object.<anonymous> (C:\Users\ADMIN\Desktop\sumi-chan-test\database\index.js:5:13)
    at Module._compile (internal/modules/cjs/loader.js:1133:30)
    at Object.Module._extensions..js (internal/modules/cjs/loader.js:1153:10)
    at Module.load (internal/modules/cjs/loader.js:977:32)
    at Function.Module._load (internal/modules/cjs/loader.js:877:14)
    at Module.require (internal/modules/cjs/loader.js:1019:19)
    at require (internal/modules/cjs/helpers.js:77:18)
    at Object.<anonymous> (C:\Users\ADMIN\Desktop\sumi-chan-test\index.js:3:38)
    at Module._compile (internal/modules/cjs/loader.js:1133:30)
    at Object.Module._extensions..js (internal/modules/cjs/loader.js:1153:10)
    at Module.load (internal/modules/cjs/loader.js:977:32)
    at Function.Module._load (internal/modules/cjs/loader.js:877:14)
    at C:\Users\ADMIN\Desktop\sumi-chan-test\node_modules\pm2\lib\ProcessContainer.js:303:25
    at wrapper (C:\Users\ADMIN\Desktop\sumi-chan-test\node_modules\pm2\node_modules\async\internal\once.js:12:16)
    at next (C:\Users\ADMIN\Desktop\sumi-chan-test\node_modules\pm2\node_modules\async\waterfall.js:96:20)
    at C:\Users\ADMIN\Desktop\sumi-chan-test\node_modules\pm2\node_modules\async\internal\onlyOnce.js:12:16
    at WriteStream.<anonymous> (C:\Users\ADMIN\Desktop\sumi-chan-test\node_modules\pm2\lib\Utility.js:186:13)
    at WriteStream.emit (events.js:310:20)
    at internal/fs/streams.js:326:10
    at FSReqCallback.oncomplete (fs.js:155:23)
Error: Please install sqlite3 package manually
    at ConnectionManager._loadDialectModule (C:\Users\ADMIN\Desktop\sumi-chan-test\node_modules\sequelize\lib\dialects\abstract\connection-manager.js:88:15)
    at new ConnectionManager (C:\Users\ADMIN\Desktop\sumi-chan-test\node_modules\sequelize\lib\dialects\sqlite\connection-manager.js:22:21)
    at new SqliteDialect (C:\Users\ADMIN\Desktop\sumi-chan-test\node_modules\sequelize\lib\dialects\sqlite\index.js:14:30)
    at new Sequelize (C:\Users\ADMIN\Desktop\sumi-chan-test\node_modules\sequelize\lib\sequelize.js:324:20)
    at Object.<anonymous> (C:\Users\ADMIN\Desktop\sumi-chan-test\database\index.js:5:13)
    at Module._compile (internal/modules/cjs/loader.js:1133:30)
    at Object.Module._extensions..js (internal/modules/cjs/loader.js:1153:10)
    at Module.load (internal/modules/cjs/loader.js:977:32)
    at Function.Module._load (internal/modules/cjs/loader.js:877:14)
    at Module.require (internal/modules/cjs/loader.js:1019:19)
    at require (internal/modules/cjs/helpers.js:77:18)
    at Object.<anonymous> (C:\Users\ADMIN\Desktop\sumi-chan-test\index.js:3:38)
    at Module._compile (internal/modules/cjs/loader.js:1133:30)
    at Object.Module._extensions..js (internal/modules/cjs/loader.js:1153:10)
    at Module.load (internal/modules/cjs/loader.js:977:32)
    at Function.Module._load (internal/modules/cjs/loader.js:877:14)
    at C:\Users\ADMIN\Desktop\sumi-chan-test\node_modules\pm2\lib\ProcessContainer.js:303:25
    at wrapper (C:\Users\ADMIN\Desktop\sumi-chan-test\node_modules\pm2\node_modules\async\internal\once.js:12:16)
    at next (C:\Users\ADMIN\Desktop\sumi-chan-test\node_modules\pm2\node_modules\async\waterfall.js:96:20)
    at C:\Users\ADMIN\Desktop\sumi-chan-test\node_modules\pm2\node_modules\async\internal\onlyOnce.js:12:16
    at WriteStream.<anonymous> (C:\Users\ADMIN\Desktop\sumi-chan-test\node_modules\pm2\lib\Utility.js:186:13)
    at WriteStream.emit (events.js:310:20)
    at internal/fs/streams.js:326:10
    at FSReqCallback.oncomplete (fs.js:155:23)
Error: Please install sqlite3 package manually
    at ConnectionManager._loadDialectModule (C:\Users\ADMIN\Desktop\sumi-chan-test\node_modules\sequelize\lib\dialects\abstract\connection-manager.js:88:15)
    at new ConnectionManager (C:\Users\ADMIN\Desktop\sumi-chan-test\node_modules\sequelize\lib\dialects\sqlite\connection-manager.js:22:21)
    at new SqliteDialect (C:\Users\ADMIN\Desktop\sumi-chan-test\node_modules\sequelize\lib\dialects\sqlite\index.js:14:30)
    at new Sequelize (C:\Users\ADMIN\Desktop\sumi-chan-test\node_modules\sequelize\lib\sequelize.js:324:20)
    at Object.<anonymous> (C:\Users\ADMIN\Desktop\sumi-chan-test\database\index.js:5:13)
    at Module._compile (internal/modules/cjs/loader.js:1133:30)
    at Object.Module._extensions..js (internal/modules/cjs/loader.js:1153:10)
    at Module.load (internal/modules/cjs/loader.js:977:32)
    at Function.Module._load (internal/modules/cjs/loader.js:877:14)
    at Module.require (internal/modules/cjs/loader.js:1019:19)
    at require (internal/modules/cjs/helpers.js:77:18)
    at Object.<anonymous> (C:\Users\ADMIN\Desktop\sumi-chan-test\index.js:3:38)
    at Module._compile (internal/modules/cjs/loader.js:1133:30)
    at Object.Module._extensions..js (internal/modules/cjs/loader.js:1153:10)
    at Module.load (internal/modules/cjs/loader.js:977:32)
    at Function.Module._load (internal/modules/cjs/loader.js:877:14)
    at C:\Users\ADMIN\Desktop\sumi-chan-test\node_modules\pm2\lib\ProcessContainer.js:303:25
    at wrapper (C:\Users\ADMIN\Desktop\sumi-chan-test\node_modules\pm2\node_modules\async\internal\once.js:12:16)
    at next (C:\Users\ADMIN\Desktop\sumi-chan-test\node_modules\pm2\node_modules\async\waterfall.js:96:20)
    at C:\Users\ADMIN\Desktop\sumi-chan-test\node_modules\pm2\node_modules\async\internal\onlyOnce.js:12:16
    at WriteStream.<anonymous> (C:\Users\ADMIN\Desktop\sumi-chan-test\node_modules\pm2\lib\Utility.js:186:13)
    at WriteStream.emit (events.js:310:20)
    at internal/fs/streams.js:326:10
    at FSReqCallback.oncomplete (fs.js:155:23)
Error: Please install sqlite3 package manually
    at ConnectionManager._loadDialectModule (C:\Users\ADMIN\Desktop\sumi-chan-test\node_modules\sequelize\lib\dialects\abstract\connection-manager.js:88:15)
    at new ConnectionManager (C:\Users\ADMIN\Desktop\sumi-chan-test\node_modules\sequelize\lib\dialects\sqlite\connection-manager.js:22:21)
    at new SqliteDialect (C:\Users\ADMIN\Desktop\sumi-chan-test\node_modules\sequelize\lib\dialects\sqlite\index.js:14:30)
    at new Sequelize (C:\Users\ADMIN\Desktop\sumi-chan-test\node_modules\sequelize\lib\sequelize.js:324:20)
    at Object.<anonymous> (C:\Users\ADMIN\Desktop\sumi-chan-test\database\index.js:5:13)
    at Module._compile (internal/modules/cjs/loader.js:1133:30)
    at Object.Module._extensions..js (internal/modules/cjs/loader.js:1153:10)
    at Module.load (internal/modules/cjs/loader.js:977:32)
    at Function.Module._load (internal/modules/cjs/loader.js:877:14)
    at Module.require (internal/modules/cjs/loader.js:1019:19)
    at require (internal/modules/cjs/helpers.js:77:18)
    at Object.<anonymous> (C:\Users\ADMIN\Desktop\sumi-chan-test\index.js:3:38)
    at Module._compile (internal/modules/cjs/loader.js:1133:30)
    at Object.Module._extensions..js (internal/modules/cjs/loader.js:1153:10)
    at Module.load (internal/modules/cjs/loader.js:977:32)
    at Function.Module._load (internal/modules/cjs/loader.js:877:14)
    at C:\Users\ADMIN\Desktop\sumi-chan-test\node_modules\pm2\lib\ProcessContainer.js:303:25
    at wrapper (C:\Users\ADMIN\Desktop\sumi-chan-test\node_modules\pm2\node_modules\async\internal\once.js:12:16)
    at next (C:\Users\ADMIN\Desktop\sumi-chan-test\node_modules\pm2\node_modules\async\waterfall.js:96:20)
    at C:\Users\ADMIN\Desktop\sumi-chan-test\node_modules\pm2\node_modules\async\internal\onlyOnce.js:12:16
    at WriteStream.<anonymous> (C:\Users\ADMIN\Desktop\sumi-chan-test\node_modules\pm2\lib\Utility.js:186:13)
    at WriteStream.emit (events.js:310:20)
    at internal/fs/streams.js:326:10
    at FSReqCallback.oncomplete (fs.js:155:23)
Error: Please install sqlite3 package manually
    at ConnectionManager._loadDialectModule (C:\Users\ADMIN\Desktop\sumi-chan-test\node_modules\sequelize\lib\dialects\abstract\connection-manager.js:88:15)
    at new ConnectionManager (C:\Users\ADMIN\Desktop\sumi-chan-test\node_modules\sequelize\lib\dialects\sqlite\connection-manager.js:22:21)
    at new SqliteDialect (C:\Users\ADMIN\Desktop\sumi-chan-test\node_modules\sequelize\lib\dialects\sqlite\index.js:14:30)
    at new Sequelize (C:\Users\ADMIN\Desktop\sumi-chan-test\node_modules\sequelize\lib\sequelize.js:324:20)
    at Object.<anonymous> (C:\Users\ADMIN\Desktop\sumi-chan-test\database\index.js:5:13)
    at Module._compile (internal/modules/cjs/loader.js:1133:30)
    at Object.Module._extensions..js (internal/modules/cjs/loader.js:1153:10)
    at Module.load (internal/modules/cjs/loader.js:977:32)
    at Function.Module._load (internal/modules/cjs/loader.js:877:14)
    at Module.require (internal/modules/cjs/loader.js:1019:19)
    at require (internal/modules/cjs/helpers.js:77:18)
    at Object.<anonymous> (C:\Users\ADMIN\Desktop\sumi-chan-test\index.js:3:38)
    at Module._compile (internal/modules/cjs/loader.js:1133:30)
    at Object.Module._extensions..js (internal/modules/cjs/loader.js:1153:10)
    at Module.load (internal/modules/cjs/loader.js:977:32)
    at Function.Module._load (internal/modules/cjs/loader.js:877:14)
    at C:\Users\ADMIN\Desktop\sumi-chan-test\node_modules\pm2\lib\ProcessContainer.js:303:25
    at wrapper (C:\Users\ADMIN\Desktop\sumi-chan-test\node_modules\pm2\node_modules\async\internal\once.js:12:16)
    at next (C:\Users\ADMIN\Desktop\sumi-chan-test\node_modules\pm2\node_modules\async\waterfall.js:96:20)
    at C:\Users\ADMIN\Desktop\sumi-chan-test\node_modules\pm2\node_modules\async\internal\onlyOnce.js:12:16
    at WriteStream.<anonymous> (C:\Users\ADMIN\Desktop\sumi-chan-test\node_modules\pm2\lib\Utility.js:186:13)
    at WriteStream.emit (events.js:310:20)
    at internal/fs/streams.js:326:10
    at FSReqCallback.oncomplete (fs.js:155:23)
Error: Please install sqlite3 package manually
    at ConnectionManager._loadDialectModule (C:\Users\ADMIN\Desktop\sumi-chan-test\node_modules\sequelize\lib\dialects\abstract\connection-manager.js:88:15)
    at new ConnectionManager (C:\Users\ADMIN\Desktop\sumi-chan-test\node_modules\sequelize\lib\dialects\sqlite\connection-manager.js:22:21)
    at new SqliteDialect (C:\Users\ADMIN\Desktop\sumi-chan-test\node_modules\sequelize\lib\dialects\sqlite\index.js:14:30)
    at new Sequelize (C:\Users\ADMIN\Desktop\sumi-chan-test\node_modules\sequelize\lib\sequelize.js:324:20)
    at Object.<anonymous> (C:\Users\ADMIN\Desktop\sumi-chan-test\database\index.js:5:13)
    at Module._compile (internal/modules/cjs/loader.js:1133:30)
    at Object.Module._extensions..js (internal/modules/cjs/loader.js:1153:10)
    at Module.load (internal/modules/cjs/loader.js:977:32)
    at Function.Module._load (internal/modules/cjs/loader.js:877:14)
    at Module.require (internal/modules/cjs/loader.js:1019:19)
    at require (internal/modules/cjs/helpers.js:77:18)
    at Object.<anonymous> (C:\Users\ADMIN\Desktop\sumi-chan-test\index.js:3:38)
    at Module._compile (internal/modules/cjs/loader.js:1133:30)
    at Object.Module._extensions..js (internal/modules/cjs/loader.js:1153:10)
    at Module.load (internal/modules/cjs/loader.js:977:32)
    at Function.Module._load (internal/modules/cjs/loader.js:877:14)
    at C:\Users\ADMIN\Desktop\sumi-chan-test\node_modules\pm2\lib\ProcessContainer.js:303:25
    at wrapper (C:\Users\ADMIN\Desktop\sumi-chan-test\node_modules\pm2\node_modules\async\internal\once.js:12:16)
    at next (C:\Users\ADMIN\Desktop\sumi-chan-test\node_modules\pm2\node_modules\async\waterfall.js:96:20)
    at C:\Users\ADMIN\Desktop\sumi-chan-test\node_modules\pm2\node_modules\async\internal\onlyOnce.js:12:16
    at WriteStream.<anonymous> (C:\Users\ADMIN\Desktop\sumi-chan-test\node_modules\pm2\lib\Utility.js:186:13)
    at WriteStream.emit (events.js:310:20)
    at internal/fs/streams.js:326:10
    at FSReqCallback.oncomplete (fs.js:155:23)
Error: Please install sqlite3 package manually
    at ConnectionManager._loadDialectModule (C:\Users\ADMIN\Desktop\sumi-chan-test\node_modules\sequelize\lib\dialects\abstract\connection-manager.js:88:15)
    at new ConnectionManager (C:\Users\ADMIN\Desktop\sumi-chan-test\node_modules\sequelize\lib\dialects\sqlite\connection-manager.js:22:21)
    at new SqliteDialect (C:\Users\ADMIN\Desktop\sumi-chan-test\node_modules\sequelize\lib\dialects\sqlite\index.js:14:30)
    at new Sequelize (C:\Users\ADMIN\Desktop\sumi-chan-test\node_modules\sequelize\lib\sequelize.js:324:20)
    at Object.<anonymous> (C:\Users\ADMIN\Desktop\sumi-chan-test\database\index.js:5:13)
    at Module._compile (internal/modules/cjs/loader.js:1133:30)
    at Object.Module._extensions..js (internal/modules/cjs/loader.js:1153:10)
    at Module.load (internal/modules/cjs/loader.js:977:32)
    at Function.Module._load (internal/modules/cjs/loader.js:877:14)
    at Module.require (internal/modules/cjs/loader.js:1019:19)
    at require (internal/modules/cjs/helpers.js:77:18)
    at Object.<anonymous> (C:\Users\ADMIN\Desktop\sumi-chan-test\index.js:3:38)
    at Module._compile (internal/modules/cjs/loader.js:1133:30)
    at Object.Module._extensions..js (internal/modules/cjs/loader.js:1153:10)
    at Module.load (internal/modules/cjs/loader.js:977:32)
    at Function.Module._load (internal/modules/cjs/loader.js:877:14)
    at C:\Users\ADMIN\Desktop\sumi-chan-test\node_modules\pm2\lib\ProcessContainer.js:303:25
    at wrapper (C:\Users\ADMIN\Desktop\sumi-chan-test\node_modules\pm2\node_modules\async\internal\once.js:12:16)
    at next (C:\Users\ADMIN\Desktop\sumi-chan-test\node_modules\pm2\node_modules\async\waterfall.js:96:20)
    at C:\Users\ADMIN\Desktop\sumi-chan-test\node_modules\pm2\node_modules\async\internal\onlyOnce.js:12:16
    at WriteStream.<anonymous> (C:\Users\ADMIN\Desktop\sumi-chan-test\node_modules\pm2\lib\Utility.js:186:13)
    at WriteStream.emit (events.js:310:20)
    at internal/fs/streams.js:326:10
    at FSReqCallback.oncomplete (fs.js:155:23)
Error: Please install sqlite3 package manually
    at ConnectionManager._loadDialectModule (C:\Users\ADMIN\Desktop\sumi-chan-test\node_modules\sequelize\lib\dialects\abstract\connection-manager.js:88:15)
    at new ConnectionManager (C:\Users\ADMIN\Desktop\sumi-chan-test\node_modules\sequelize\lib\dialects\sqlite\connection-manager.js:22:21)
    at new SqliteDialect (C:\Users\ADMIN\Desktop\sumi-chan-test\node_modules\sequelize\lib\dialects\sqlite\index.js:14:30)
    at new Sequelize (C:\Users\ADMIN\Desktop\sumi-chan-test\node_modules\sequelize\lib\sequelize.js:324:20)
    at Object.<anonymous> (C:\Users\ADMIN\Desktop\sumi-chan-test\database\index.js:5:13)
    at Module._compile (internal/modules/cjs/loader.js:1133:30)
    at Object.Module._extensions..js (internal/modules/cjs/loader.js:1153:10)
    at Module.load (internal/modules/cjs/loader.js:977:32)
    at Function.Module._load (internal/modules/cjs/loader.js:877:14)
    at Module.require (internal/modules/cjs/loader.js:1019:19)
    at require (internal/modules/cjs/helpers.js:77:18)
    at Object.<anonymous> (C:\Users\ADMIN\Desktop\sumi-chan-test\index.js:3:38)
    at Module._compile (internal/modules/cjs/loader.js:1133:30)
    at Object.Module._extensions..js (internal/modules/cjs/loader.js:1153:10)
    at Module.load (internal/modules/cjs/loader.js:977:32)
    at Function.Module._load (internal/modules/cjs/loader.js:877:14)
    at C:\Users\ADMIN\Desktop\sumi-chan-test\node_modules\pm2\lib\ProcessContainer.js:303:25
    at wrapper (C:\Users\ADMIN\Desktop\sumi-chan-test\node_modules\pm2\node_modules\async\internal\once.js:12:16)
    at next (C:\Users\ADMIN\Desktop\sumi-chan-test\node_modules\pm2\node_modules\async\waterfall.js:96:20)
    at C:\Users\ADMIN\Desktop\sumi-chan-test\node_modules\pm2\node_modules\async\internal\onlyOnce.js:12:16
    at WriteStream.<anonymous> (C:\Users\ADMIN\Desktop\sumi-chan-test\node_modules\pm2\lib\Utility.js:186:13)
    at WriteStream.emit (events.js:310:20)
    at internal/fs/streams.js:326:10
    at FSReqCallback.oncomplete (fs.js:155:23)
Error: Please install sqlite3 package manually
    at ConnectionManager._loadDialectModule (C:\Users\ADMIN\Desktop\sumi-chan-test\node_modules\sequelize\lib\dialects\abstract\connection-manager.js:88:15)
    at new ConnectionManager (C:\Users\ADMIN\Desktop\sumi-chan-test\node_modules\sequelize\lib\dialects\sqlite\connection-manager.js:22:21)
    at new SqliteDialect (C:\Users\ADMIN\Desktop\sumi-chan-test\node_modules\sequelize\lib\dialects\sqlite\index.js:14:30)
    at new Sequelize (C:\Users\ADMIN\Desktop\sumi-chan-test\node_modules\sequelize\lib\sequelize.js:324:20)
    at Object.<anonymous> (C:\Users\ADMIN\Desktop\sumi-chan-test\database\index.js:5:13)
    at Module._compile (internal/modules/cjs/loader.js:1133:30)
    at Object.Module._extensions..js (internal/modules/cjs/loader.js:1153:10)
    at Module.load (internal/modules/cjs/loader.js:977:32)
    at Function.Module._load (internal/modules/cjs/loader.js:877:14)
    at Module.require (internal/modules/cjs/loader.js:1019:19)
    at require (internal/modules/cjs/helpers.js:77:18)
    at Object.<anonymous> (C:\Users\ADMIN\Desktop\sumi-chan-test\index.js:3:38)
    at Module._compile (internal/modules/cjs/loader.js:1133:30)
    at Object.Module._extensions..js (internal/modules/cjs/loader.js:1153:10)
    at Module.load (internal/modules/cjs/loader.js:977:32)
    at Function.Module._load (internal/modules/cjs/loader.js:877:14)
    at C:\Users\ADMIN\Desktop\sumi-chan-test\node_modules\pm2\lib\ProcessContainer.js:303:25
    at wrapper (C:\Users\ADMIN\Desktop\sumi-chan-test\node_modules\pm2\node_modules\async\internal\once.js:12:16)
    at next (C:\Users\ADMIN\Desktop\sumi-chan-test\node_modules\pm2\node_modules\async\waterfall.js:96:20)
    at C:\Users\ADMIN\Desktop\sumi-chan-test\node_modules\pm2\node_modules\async\internal\onlyOnce.js:12:16
    at WriteStream.<anonymous> (C:\Users\ADMIN\Desktop\sumi-chan-test\node_modules\pm2\lib\Utility.js:186:13)
    at WriteStream.emit (events.js:310:20)
    at internal/fs/streams.js:326:10
    at FSReqCallback.oncomplete (fs.js:155:23)
Error: Please install sqlite3 package manually
    at ConnectionManager._loadDialectModule (C:\Users\ADMIN\Desktop\sumi-chan-test\node_modules\sequelize\lib\dialects\abstract\connection-manager.js:88:15)
    at new ConnectionManager (C:\Users\ADMIN\Desktop\sumi-chan-test\node_modules\sequelize\lib\dialects\sqlite\connection-manager.js:22:21)
    at new SqliteDialect (C:\Users\ADMIN\Desktop\sumi-chan-test\node_modules\sequelize\lib\dialects\sqlite\index.js:14:30)
    at new Sequelize (C:\Users\ADMIN\Desktop\sumi-chan-test\node_modules\sequelize\lib\sequelize.js:324:20)
    at Object.<anonymous> (C:\Users\ADMIN\Desktop\sumi-chan-test\database\index.js:5:13)
    at Module._compile (internal/modules/cjs/loader.js:1133:30)
    at Object.Module._extensions..js (internal/modules/cjs/loader.js:1153:10)
    at Module.load (internal/modules/cjs/loader.js:977:32)
    at Function.Module._load (internal/modules/cjs/loader.js:877:14)
    at Module.require (internal/modules/cjs/loader.js:1019:19)
    at require (internal/modules/cjs/helpers.js:77:18)
    at Object.<anonymous> (C:\Users\ADMIN\Desktop\sumi-chan-test\index.js:3:38)
    at Module._compile (internal/modules/cjs/loader.js:1133:30)
    at Object.Module._extensions..js (internal/modules/cjs/loader.js:1153:10)
    at Module.load (internal/modules/cjs/loader.js:977:32)
    at Function.Module._load (internal/modules/cjs/loader.js:877:14)
    at C:\Users\ADMIN\Desktop\sumi-chan-test\node_modules\pm2\lib\ProcessContainer.js:303:25
    at wrapper (C:\Users\ADMIN\Desktop\sumi-chan-test\node_modules\pm2\node_modules\async\internal\once.js:12:16)
    at next (C:\Users\ADMIN\Desktop\sumi-chan-test\node_modules\pm2\node_modules\async\waterfall.js:96:20)
    at C:\Users\ADMIN\Desktop\sumi-chan-test\node_modules\pm2\node_modules\async\internal\onlyOnce.js:12:16
    at WriteStream.<anonymous> (C:\Users\ADMIN\Desktop\sumi-chan-test\node_modules\pm2\lib\Utility.js:186:13)
    at WriteStream.emit (events.js:310:20)
    at internal/fs/streams.js:326:10
    at FSReqCallback.oncomplete (fs.js:155:23)
Error: Please install sqlite3 package manually
    at ConnectionManager._loadDialectModule (C:\Users\ADMIN\Desktop\sumi-chan-test\node_modules\sequelize\lib\dialects\abstract\connection-manager.js:88:15)
    at new ConnectionManager (C:\Users\ADMIN\Desktop\sumi-chan-test\node_modules\sequelize\lib\dialects\sqlite\connection-manager.js:22:21)
    at new SqliteDialect (C:\Users\ADMIN\Desktop\sumi-chan-test\node_modules\sequelize\lib\dialects\sqlite\index.js:14:30)
    at new Sequelize (C:\Users\ADMIN\Desktop\sumi-chan-test\node_modules\sequelize\lib\sequelize.js:324:20)
    at Object.<anonymous> (C:\Users\ADMIN\Desktop\sumi-chan-test\database\index.js:5:13)
    at Module._compile (internal/modules/cjs/loader.js:1133:30)
    at Object.Module._extensions..js (internal/modules/cjs/loader.js:1153:10)
    at Module.load (internal/modules/cjs/loader.js:977:32)
    at Function.Module._load (internal/modules/cjs/loader.js:877:14)
    at Module.require (internal/modules/cjs/loader.js:1019:19)
    at require (internal/modules/cjs/helpers.js:77:18)
    at Object.<anonymous> (C:\Users\ADMIN\Desktop\sumi-chan-test\index.js:3:38)
    at Module._compile (internal/modules/cjs/loader.js:1133:30)
    at Object.Module._extensions..js (internal/modules/cjs/loader.js:1153:10)
    at Module.load (internal/modules/cjs/loader.js:977:32)
    at Function.Module._load (internal/modules/cjs/loader.js:877:14)
    at C:\Users\ADMIN\Desktop\sumi-chan-test\node_modules\pm2\lib\ProcessContainer.js:303:25
    at wrapper (C:\Users\ADMIN\Desktop\sumi-chan-test\node_modules\pm2\node_modules\async\internal\once.js:12:16)
    at next (C:\Users\ADMIN\Desktop\sumi-chan-test\node_modules\pm2\node_modules\async\waterfall.js:96:20)
    at C:\Users\ADMIN\Desktop\sumi-chan-test\node_modules\pm2\node_modules\async\internal\onlyOnce.js:12:16
    at WriteStream.<anonymous> (C:\Users\ADMIN\Desktop\sumi-chan-test\node_modules\pm2\lib\Utility.js:186:13)
    at WriteStream.emit (events.js:310:20)
    at internal/fs/streams.js:326:10
    at FSReqCallback.oncomplete (fs.js:155:23)
Error: Please install sqlite3 package manually
    at ConnectionManager._loadDialectModule (C:\Users\ADMIN\Desktop\sumi-chan-test\node_modules\sequelize\lib\dialects\abstract\connection-manager.js:88:15)
    at new ConnectionManager (C:\Users\ADMIN\Desktop\sumi-chan-test\node_modules\sequelize\lib\dialects\sqlite\connection-manager.js:22:21)
    at new SqliteDialect (C:\Users\ADMIN\Desktop\sumi-chan-test\node_modules\sequelize\lib\dialects\sqlite\index.js:14:30)
    at new Sequelize (C:\Users\ADMIN\Desktop\sumi-chan-test\node_modules\sequelize\lib\sequelize.js:324:20)
    at Object.<anonymous> (C:\Users\ADMIN\Desktop\sumi-chan-test\database\index.js:5:13)
    at Module._compile (internal/modules/cjs/loader.js:1133:30)
    at Object.Module._extensions..js (internal/modules/cjs/loader.js:1153:10)
    at Module.load (internal/modules/cjs/loader.js:977:32)
    at Function.Module._load (internal/modules/cjs/loader.js:877:14)
    at Module.require (internal/modules/cjs/loader.js:1019:19)
    at require (internal/modules/cjs/helpers.js:77:18)
    at Object.<anonymous> (C:\Users\ADMIN\Desktop\sumi-chan-test\index.js:3:38)
    at Module._compile (internal/modules/cjs/loader.js:1133:30)
    at Object.Module._extensions..js (internal/modules/cjs/loader.js:1153:10)
    at Module.load (internal/modules/cjs/loader.js:977:32)
    at Function.Module._load (internal/modules/cjs/loader.js:877:14)
    at C:\Users\ADMIN\Desktop\sumi-chan-test\node_modules\pm2\lib\ProcessContainer.js:303:25
    at wrapper (C:\Users\ADMIN\Desktop\sumi-chan-test\node_modules\pm2\node_modules\async\internal\once.js:12:16)
    at next (C:\Users\ADMIN\Desktop\sumi-chan-test\node_modules\pm2\node_modules\async\waterfall.js:96:20)
    at C:\Users\ADMIN\Desktop\sumi-chan-test\node_modules\pm2\node_modules\async\internal\onlyOnce.js:12:16
    at WriteStream.<anonymous> (C:\Users\ADMIN\Desktop\sumi-chan-test\node_modules\pm2\lib\Utility.js:186:13)
    at WriteStream.emit (events.js:310:20)
    at internal/fs/streams.js:326:10
    at FSReqCallback.oncomplete (fs.js:155:23)
Error: Please install sqlite3 package manually
    at ConnectionManager._loadDialectModule (C:\Users\ADMIN\Desktop\sumi-chan-test\node_modules\sequelize\lib\dialects\abstract\connection-manager.js:88:15)
    at new ConnectionManager (C:\Users\ADMIN\Desktop\sumi-chan-test\node_modules\sequelize\lib\dialects\sqlite\connection-manager.js:22:21)
    at new SqliteDialect (C:\Users\ADMIN\Desktop\sumi-chan-test\node_modules\sequelize\lib\dialects\sqlite\index.js:14:30)
    at new Sequelize (C:\Users\ADMIN\Desktop\sumi-chan-test\node_modules\sequelize\lib\sequelize.js:324:20)
    at Object.<anonymous> (C:\Users\ADMIN\Desktop\sumi-chan-test\database\index.js:5:13)
    at Module._compile (internal/modules/cjs/loader.js:1133:30)
    at Object.Module._extensions..js (internal/modules/cjs/loader.js:1153:10)
    at Module.load (internal/modules/cjs/loader.js:977:32)
    at Function.Module._load (internal/modules/cjs/loader.js:877:14)
    at Module.require (internal/modules/cjs/loader.js:1019:19)
    at require (internal/modules/cjs/helpers.js:77:18)
    at Object.<anonymous> (C:\Users\ADMIN\Desktop\sumi-chan-test\index.js:3:38)
    at Module._compile (internal/modules/cjs/loader.js:1133:30)
    at Object.Module._extensions..js (internal/modules/cjs/loader.js:1153:10)
    at Module.load (internal/modules/cjs/loader.js:977:32)
    at Function.Module._load (internal/modules/cjs/loader.js:877:14)
    at C:\Users\ADMIN\Desktop\sumi-chan-test\node_modules\pm2\lib\ProcessContainer.js:303:25
    at wrapper (C:\Users\ADMIN\Desktop\sumi-chan-test\node_modules\pm2\node_modules\async\internal\once.js:12:16)
    at next (C:\Users\ADMIN\Desktop\sumi-chan-test\node_modules\pm2\node_modules\async\waterfall.js:96:20)
    at C:\Users\ADMIN\Desktop\sumi-chan-test\node_modules\pm2\node_modules\async\internal\onlyOnce.js:12:16
    at WriteStream.<anonymous> (C:\Users\ADMIN\Desktop\sumi-chan-test\node_modules\pm2\lib\Utility.js:186:13)
    at WriteStream.emit (events.js:310:20)
    at internal/fs/streams.js:326:10
    at FSReqCallback.oncomplete (fs.js:155:23)
Error: Please install sqlite3 package manually
    at ConnectionManager._loadDialectModule (C:\Users\Manh\Desktop\sumi-chan-test\node_modules\sequelize\lib\dialects\abstract\connection-manager.js:88:15)
    at new ConnectionManager (C:\Users\Manh\Desktop\sumi-chan-test\node_modules\sequelize\lib\dialects\sqlite\connection-manager.js:22:21)
    at new SqliteDialect (C:\Users\Manh\Desktop\sumi-chan-test\node_modules\sequelize\lib\dialects\sqlite\index.js:14:30)
    at new Sequelize (C:\Users\Manh\Desktop\sumi-chan-test\node_modules\sequelize\lib\sequelize.js:324:20)
    at Object.<anonymous> (C:\Users\Manh\Desktop\sumi-chan-test\database\index.js:5:13)
    at Module._compile (internal/modules/cjs/loader.js:1133:30)
    at Object.Module._extensions..js (internal/modules/cjs/loader.js:1153:10)
    at Module.load (internal/modules/cjs/loader.js:977:32)
    at Function.Module._load (internal/modules/cjs/loader.js:877:14)
    at Module.require (internal/modules/cjs/loader.js:1019:19)
    at require (internal/modules/cjs/helpers.js:77:18)
    at Object.<anonymous> (C:\Users\Manh\Desktop\sumi-chan-test\index.js:3:38)
    at Module._compile (internal/modules/cjs/loader.js:1133:30)
    at Object.Module._extensions..js (internal/modules/cjs/loader.js:1153:10)
    at Module.load (internal/modules/cjs/loader.js:977:32)
    at Function.Module._load (internal/modules/cjs/loader.js:877:14)
    at C:\Users\Manh\Desktop\sumi-chan-test\node_modules\pm2\lib\ProcessContainer.js:303:25
    at wrapper (C:\Users\Manh\Desktop\sumi-chan-test\node_modules\pm2\node_modules\async\internal\once.js:12:16)
    at next (C:\Users\Manh\Desktop\sumi-chan-test\node_modules\pm2\node_modules\async\waterfall.js:96:20)
    at C:\Users\Manh\Desktop\sumi-chan-test\node_modules\pm2\node_modules\async\internal\onlyOnce.js:12:16
    at WriteStream.<anonymous> (C:\Users\Manh\Desktop\sumi-chan-test\node_modules\pm2\lib\Utility.js:186:13)
    at WriteStream.emit (events.js:310:20)
    at internal/fs/streams.js:326:10
    at FSReqCallback.oncomplete (fs.js:155:23)
Error: Please install sqlite3 package manually
    at ConnectionManager._loadDialectModule (C:\Users\Manh\Desktop\sumi-chan-test\node_modules\sequelize\lib\dialects\abstract\connection-manager.js:88:15)
    at new ConnectionManager (C:\Users\Manh\Desktop\sumi-chan-test\node_modules\sequelize\lib\dialects\sqlite\connection-manager.js:22:21)
    at new SqliteDialect (C:\Users\Manh\Desktop\sumi-chan-test\node_modules\sequelize\lib\dialects\sqlite\index.js:14:30)
    at new Sequelize (C:\Users\Manh\Desktop\sumi-chan-test\node_modules\sequelize\lib\sequelize.js:324:20)
    at Object.<anonymous> (C:\Users\Manh\Desktop\sumi-chan-test\database\index.js:5:13)
    at Module._compile (internal/modules/cjs/loader.js:1133:30)
    at Object.Module._extensions..js (internal/modules/cjs/loader.js:1153:10)
    at Module.load (internal/modules/cjs/loader.js:977:32)
    at Function.Module._load (internal/modules/cjs/loader.js:877:14)
    at Module.require (internal/modules/cjs/loader.js:1019:19)
    at require (internal/modules/cjs/helpers.js:77:18)
    at Object.<anonymous> (C:\Users\Manh\Desktop\sumi-chan-test\index.js:3:38)
    at Module._compile (internal/modules/cjs/loader.js:1133:30)
    at Object.Module._extensions..js (internal/modules/cjs/loader.js:1153:10)
    at Module.load (internal/modules/cjs/loader.js:977:32)
    at Function.Module._load (internal/modules/cjs/loader.js:877:14)
    at C:\Users\Manh\Desktop\sumi-chan-test\node_modules\pm2\lib\ProcessContainer.js:303:25
    at wrapper (C:\Users\Manh\Desktop\sumi-chan-test\node_modules\pm2\node_modules\async\internal\once.js:12:16)
    at next (C:\Users\Manh\Desktop\sumi-chan-test\node_modules\pm2\node_modules\async\waterfall.js:96:20)
    at C:\Users\Manh\Desktop\sumi-chan-test\node_modules\pm2\node_modules\async\internal\onlyOnce.js:12:16
    at WriteStream.<anonymous> (C:\Users\Manh\Desktop\sumi-chan-test\node_modules\pm2\lib\Utility.js:186:13)
    at WriteStream.emit (events.js:310:20)
    at internal/fs/streams.js:326:10
    at FSReqCallback.oncomplete (fs.js:155:23)
Error: Please install sqlite3 package manually
    at ConnectionManager._loadDialectModule (C:\Users\Manh\Desktop\sumi-chan-test\node_modules\sequelize\lib\dialects\abstract\connection-manager.js:88:15)
    at new ConnectionManager (C:\Users\Manh\Desktop\sumi-chan-test\node_modules\sequelize\lib\dialects\sqlite\connection-manager.js:22:21)
    at new SqliteDialect (C:\Users\Manh\Desktop\sumi-chan-test\node_modules\sequelize\lib\dialects\sqlite\index.js:14:30)
    at new Sequelize (C:\Users\Manh\Desktop\sumi-chan-test\node_modules\sequelize\lib\sequelize.js:324:20)
    at Object.<anonymous> (C:\Users\Manh\Desktop\sumi-chan-test\database\index.js:5:13)
    at Module._compile (internal/modules/cjs/loader.js:1133:30)
    at Object.Module._extensions..js (internal/modules/cjs/loader.js:1153:10)
    at Module.load (internal/modules/cjs/loader.js:977:32)
    at Function.Module._load (internal/modules/cjs/loader.js:877:14)
    at Module.require (internal/modules/cjs/loader.js:1019:19)
    at require (internal/modules/cjs/helpers.js:77:18)
    at Object.<anonymous> (C:\Users\Manh\Desktop\sumi-chan-test\index.js:3:38)
    at Module._compile (internal/modules/cjs/loader.js:1133:30)
    at Object.Module._extensions..js (internal/modules/cjs/loader.js:1153:10)
    at Module.load (internal/modules/cjs/loader.js:977:32)
    at Function.Module._load (internal/modules/cjs/loader.js:877:14)
    at C:\Users\Manh\Desktop\sumi-chan-test\node_modules\pm2\lib\ProcessContainer.js:303:25
    at wrapper (C:\Users\Manh\Desktop\sumi-chan-test\node_modules\pm2\node_modules\async\internal\once.js:12:16)
    at next (C:\Users\Manh\Desktop\sumi-chan-test\node_modules\pm2\node_modules\async\waterfall.js:96:20)
    at C:\Users\Manh\Desktop\sumi-chan-test\node_modules\pm2\node_modules\async\internal\onlyOnce.js:12:16
    at WriteStream.<anonymous> (C:\Users\Manh\Desktop\sumi-chan-test\node_modules\pm2\lib\Utility.js:186:13)
    at WriteStream.emit (events.js:310:20)
    at internal/fs/streams.js:326:10
    at FSReqCallback.oncomplete (fs.js:155:23)
Error: Please install sqlite3 package manually
    at ConnectionManager._loadDialectModule (C:\Users\Manh\Desktop\sumi-chan-test\node_modules\sequelize\lib\dialects\abstract\connection-manager.js:88:15)
    at new ConnectionManager (C:\Users\Manh\Desktop\sumi-chan-test\node_modules\sequelize\lib\dialects\sqlite\connection-manager.js:22:21)
    at new SqliteDialect (C:\Users\Manh\Desktop\sumi-chan-test\node_modules\sequelize\lib\dialects\sqlite\index.js:14:30)
    at new Sequelize (C:\Users\Manh\Desktop\sumi-chan-test\node_modules\sequelize\lib\sequelize.js:324:20)
    at Object.<anonymous> (C:\Users\Manh\Desktop\sumi-chan-test\database\index.js:5:13)
    at Module._compile (internal/modules/cjs/loader.js:1133:30)
    at Object.Module._extensions..js (internal/modules/cjs/loader.js:1153:10)
    at Module.load (internal/modules/cjs/loader.js:977:32)
    at Function.Module._load (internal/modules/cjs/loader.js:877:14)
    at Module.require (internal/modules/cjs/loader.js:1019:19)
    at require (internal/modules/cjs/helpers.js:77:18)
    at Object.<anonymous> (C:\Users\Manh\Desktop\sumi-chan-test\index.js:3:38)
    at Module._compile (internal/modules/cjs/loader.js:1133:30)
    at Object.Module._extensions..js (internal/modules/cjs/loader.js:1153:10)
    at Module.load (internal/modules/cjs/loader.js:977:32)
    at Function.Module._load (internal/modules/cjs/loader.js:877:14)
    at C:\Users\Manh\Desktop\sumi-chan-test\node_modules\pm2\lib\ProcessContainer.js:303:25
    at wrapper (C:\Users\Manh\Desktop\sumi-chan-test\node_modules\pm2\node_modules\async\internal\once.js:12:16)
    at next (C:\Users\Manh\Desktop\sumi-chan-test\node_modules\pm2\node_modules\async\waterfall.js:96:20)
    at C:\Users\Manh\Desktop\sumi-chan-test\node_modules\pm2\node_modules\async\internal\onlyOnce.js:12:16
    at WriteStream.<anonymous> (C:\Users\Manh\Desktop\sumi-chan-test\node_modules\pm2\lib\Utility.js:186:13)
    at WriteStream.emit (events.js:310:20)
    at internal/fs/streams.js:326:10
    at FSReqCallback.oncomplete (fs.js:155:23)
Error: Please install sqlite3 package manually
    at ConnectionManager._loadDialectModule (C:\Users\Manh\Desktop\sumi-chan-test\node_modules\sequelize\lib\dialects\abstract\connection-manager.js:88:15)
    at new ConnectionManager (C:\Users\Manh\Desktop\sumi-chan-test\node_modules\sequelize\lib\dialects\sqlite\connection-manager.js:22:21)
    at new SqliteDialect (C:\Users\Manh\Desktop\sumi-chan-test\node_modules\sequelize\lib\dialects\sqlite\index.js:14:30)
    at new Sequelize (C:\Users\Manh\Desktop\sumi-chan-test\node_modules\sequelize\lib\sequelize.js:324:20)
    at Object.<anonymous> (C:\Users\Manh\Desktop\sumi-chan-test\database\index.js:5:13)
    at Module._compile (internal/modules/cjs/loader.js:1133:30)
    at Object.Module._extensions..js (internal/modules/cjs/loader.js:1153:10)
    at Module.load (internal/modules/cjs/loader.js:977:32)
    at Function.Module._load (internal/modules/cjs/loader.js:877:14)
    at Module.require (internal/modules/cjs/loader.js:1019:19)
    at require (internal/modules/cjs/helpers.js:77:18)
    at Object.<anonymous> (C:\Users\Manh\Desktop\sumi-chan-test\index.js:3:38)
    at Module._compile (internal/modules/cjs/loader.js:1133:30)
    at Object.Module._extensions..js (internal/modules/cjs/loader.js:1153:10)
    at Module.load (internal/modules/cjs/loader.js:977:32)
    at Function.Module._load (internal/modules/cjs/loader.js:877:14)
    at C:\Users\Manh\Desktop\sumi-chan-test\node_modules\pm2\lib\ProcessContainer.js:303:25
    at wrapper (C:\Users\Manh\Desktop\sumi-chan-test\node_modules\pm2\node_modules\async\internal\once.js:12:16)
    at next (C:\Users\Manh\Desktop\sumi-chan-test\node_modules\pm2\node_modules\async\waterfall.js:96:20)
    at C:\Users\Manh\Desktop\sumi-chan-test\node_modules\pm2\node_modules\async\internal\onlyOnce.js:12:16
    at WriteStream.<anonymous> (C:\Users\Manh\Desktop\sumi-chan-test\node_modules\pm2\lib\Utility.js:186:13)
    at WriteStream.emit (events.js:310:20)
    at internal/fs/streams.js:326:10
    at FSReqCallback.oncomplete (fs.js:155:23)
Error: Please install sqlite3 package manually
    at ConnectionManager._loadDialectModule (C:\Users\Manh\Desktop\sumi-chan-test\node_modules\sequelize\lib\dialects\abstract\connection-manager.js:88:15)
    at new ConnectionManager (C:\Users\Manh\Desktop\sumi-chan-test\node_modules\sequelize\lib\dialects\sqlite\connection-manager.js:22:21)
    at new SqliteDialect (C:\Users\Manh\Desktop\sumi-chan-test\node_modules\sequelize\lib\dialects\sqlite\index.js:14:30)
    at new Sequelize (C:\Users\Manh\Desktop\sumi-chan-test\node_modules\sequelize\lib\sequelize.js:324:20)
    at Object.<anonymous> (C:\Users\Manh\Desktop\sumi-chan-test\database\index.js:5:13)
    at Module._compile (internal/modules/cjs/loader.js:1133:30)
    at Object.Module._extensions..js (internal/modules/cjs/loader.js:1153:10)
    at Module.load (internal/modules/cjs/loader.js:977:32)
    at Function.Module._load (internal/modules/cjs/loader.js:877:14)
    at Module.require (internal/modules/cjs/loader.js:1019:19)
    at require (internal/modules/cjs/helpers.js:77:18)
    at Object.<anonymous> (C:\Users\Manh\Desktop\sumi-chan-test\index.js:3:38)
    at Module._compile (internal/modules/cjs/loader.js:1133:30)
    at Object.Module._extensions..js (internal/modules/cjs/loader.js:1153:10)
    at Module.load (internal/modules/cjs/loader.js:977:32)
    at Function.Module._load (internal/modules/cjs/loader.js:877:14)
    at C:\Users\Manh\Desktop\sumi-chan-test\node_modules\pm2\lib\ProcessContainer.js:303:25
    at wrapper (C:\Users\Manh\Desktop\sumi-chan-test\node_modules\pm2\node_modules\async\internal\once.js:12:16)
    at next (C:\Users\Manh\Desktop\sumi-chan-test\node_modules\pm2\node_modules\async\waterfall.js:96:20)
    at C:\Users\Manh\Desktop\sumi-chan-test\node_modules\pm2\node_modules\async\internal\onlyOnce.js:12:16
    at WriteStream.<anonymous> (C:\Users\Manh\Desktop\sumi-chan-test\node_modules\pm2\lib\Utility.js:186:13)
    at WriteStream.emit (events.js:310:20)
    at internal/fs/streams.js:326:10
    at FSReqCallback.oncomplete (fs.js:155:23)
Error: Please install sqlite3 package manually
    at ConnectionManager._loadDialectModule (C:\Users\Manh\Desktop\sumi-chan-test\node_modules\sequelize\lib\dialects\abstract\connection-manager.js:88:15)
    at new ConnectionManager (C:\Users\Manh\Desktop\sumi-chan-test\node_modules\sequelize\lib\dialects\sqlite\connection-manager.js:22:21)
    at new SqliteDialect (C:\Users\Manh\Desktop\sumi-chan-test\node_modules\sequelize\lib\dialects\sqlite\index.js:14:30)
    at new Sequelize (C:\Users\Manh\Desktop\sumi-chan-test\node_modules\sequelize\lib\sequelize.js:324:20)
    at Object.<anonymous> (C:\Users\Manh\Desktop\sumi-chan-test\database\index.js:5:13)
    at Module._compile (internal/modules/cjs/loader.js:1133:30)
    at Object.Module._extensions..js (internal/modules/cjs/loader.js:1153:10)
    at Module.load (internal/modules/cjs/loader.js:977:32)
    at Function.Module._load (internal/modules/cjs/loader.js:877:14)
    at Module.require (internal/modules/cjs/loader.js:1019:19)
    at require (internal/modules/cjs/helpers.js:77:18)
    at Object.<anonymous> (C:\Users\Manh\Desktop\sumi-chan-test\index.js:3:38)
    at Module._compile (internal/modules/cjs/loader.js:1133:30)
    at Object.Module._extensions..js (internal/modules/cjs/loader.js:1153:10)
    at Module.load (internal/modules/cjs/loader.js:977:32)
    at Function.Module._load (internal/modules/cjs/loader.js:877:14)
    at C:\Users\Manh\Desktop\sumi-chan-test\node_modules\pm2\lib\ProcessContainer.js:303:25
    at wrapper (C:\Users\Manh\Desktop\sumi-chan-test\node_modules\pm2\node_modules\async\internal\once.js:12:16)
    at next (C:\Users\Manh\Desktop\sumi-chan-test\node_modules\pm2\node_modules\async\waterfall.js:96:20)
    at C:\Users\Manh\Desktop\sumi-chan-test\node_modules\pm2\node_modules\async\internal\onlyOnce.js:12:16
    at WriteStream.<anonymous> (C:\Users\Manh\Desktop\sumi-chan-test\node_modules\pm2\lib\Utility.js:186:13)
    at WriteStream.emit (events.js:310:20)
    at internal/fs/streams.js:326:10
    at FSReqCallback.oncomplete (fs.js:155:23)
Error: Please install sqlite3 package manually
    at ConnectionManager._loadDialectModule (C:\Users\Manh\Desktop\sumi-chan-test\node_modules\sequelize\lib\dialects\abstract\connection-manager.js:88:15)
    at new ConnectionManager (C:\Users\Manh\Desktop\sumi-chan-test\node_modules\sequelize\lib\dialects\sqlite\connection-manager.js:22:21)
    at new SqliteDialect (C:\Users\Manh\Desktop\sumi-chan-test\node_modules\sequelize\lib\dialects\sqlite\index.js:14:30)
    at new Sequelize (C:\Users\Manh\Desktop\sumi-chan-test\node_modules\sequelize\lib\sequelize.js:324:20)
    at Object.<anonymous> (C:\Users\Manh\Desktop\sumi-chan-test\database\index.js:5:13)
    at Module._compile (internal/modules/cjs/loader.js:1133:30)
    at Object.Module._extensions..js (internal/modules/cjs/loader.js:1153:10)
    at Module.load (internal/modules/cjs/loader.js:977:32)
    at Function.Module._load (internal/modules/cjs/loader.js:877:14)
    at Module.require (internal/modules/cjs/loader.js:1019:19)
    at require (internal/modules/cjs/helpers.js:77:18)
    at Object.<anonymous> (C:\Users\Manh\Desktop\sumi-chan-test\index.js:3:38)
    at Module._compile (internal/modules/cjs/loader.js:1133:30)
    at Object.Module._extensions..js (internal/modules/cjs/loader.js:1153:10)
    at Module.load (internal/modules/cjs/loader.js:977:32)
    at Function.Module._load (internal/modules/cjs/loader.js:877:14)
    at C:\Users\Manh\Desktop\sumi-chan-test\node_modules\pm2\lib\ProcessContainer.js:303:25
    at wrapper (C:\Users\Manh\Desktop\sumi-chan-test\node_modules\pm2\node_modules\async\internal\once.js:12:16)
    at next (C:\Users\Manh\Desktop\sumi-chan-test\node_modules\pm2\node_modules\async\waterfall.js:96:20)
    at C:\Users\Manh\Desktop\sumi-chan-test\node_modules\pm2\node_modules\async\internal\onlyOnce.js:12:16
    at WriteStream.<anonymous> (C:\Users\Manh\Desktop\sumi-chan-test\node_modules\pm2\lib\Utility.js:186:13)
    at WriteStream.emit (events.js:310:20)
    at internal/fs/streams.js:326:10
    at FSReqCallback.oncomplete (fs.js:155:23)
